Started GET "/" for ::1 at 2023-12-08 18:45:44 +0100
  [1m[35m (2.3ms)[0m  [1m[35mCREATE TABLE "schema_migrations" ("version" varchar NOT NULL PRIMARY KEY)[0m
  [1m[35m (0.2ms)[0m  [1m[35mCREATE TABLE "ar_internal_metadata" ("key" varchar NOT NULL PRIMARY KEY, "value" varchar, "created_at" datetime(6) NOT NULL, "updated_at" datetime(6) NOT NULL)[0m
  [1m[36mActiveRecord::SchemaMigration Load (0.1ms)[0m  [1m[34mSELECT "schema_migrations"."version" FROM "schema_migrations" ORDER BY "schema_migrations"."version" ASC[0m
Processing by Rails::WelcomeController#index as HTML
  Rendering /home/patryk/.rvm/gems/ruby-3.1.1/gems/railties-7.1.2/lib/rails/templates/rails/welcome/index.html.erb
  Rendered /home/patryk/.rvm/gems/ruby-3.1.1/gems/railties-7.1.2/lib/rails/templates/rails/welcome/index.html.erb (Duration: 0.7ms | Allocations: 386)
Completed 200 OK in 19ms (Views: 5.9ms | ActiveRecord: 0.0ms | Allocations: 7456)


  [1m[36mActiveRecord::InternalMetadata Load (0.1ms)[0m  [1m[34mSELECT * FROM "ar_internal_metadata" WHERE "ar_internal_metadata"."key" = ? ORDER BY "ar_internal_metadata"."key" ASC LIMIT 1[0m  [[nil, "environment"]]
  [1m[36mActiveRecord::InternalMetadata Create (2.6ms)[0m  [1m[32mINSERT INTO "ar_internal_metadata" ("key", "value", "created_at", "updated_at") VALUES ('environment', 'development', '2023-12-08 18:05:48.980706', '2023-12-08 18:05:48.980710') RETURNING "key"[0m
  [1m[36mActiveRecord::SchemaMigration Load (0.1ms)[0m  [1m[34mSELECT "schema_migrations"."version" FROM "schema_migrations" ORDER BY "schema_migrations"."version" ASC[0m
Migrating to CreateBooks (20231208180445)
  [1m[36mTRANSACTION (0.1ms)[0m  [1m[36mbegin transaction[0m
  [1m[35m (0.9ms)[0m  [1m[35mCREATE TABLE "books" ("id" integer PRIMARY KEY AUTOINCREMENT NOT NULL, "title" varchar, "author" varchar, "genre" varchar, "isbn" varchar, "availablecopies" integer, "totalcopies" integer, "created_at" datetime(6) NOT NULL, "updated_at" datetime(6) NOT NULL)[0m
  [1m[36mActiveRecord::SchemaMigration Create (0.1ms)[0m  [1m[32mINSERT INTO "schema_migrations" ("version") VALUES ('20231208180445') RETURNING "version"[0m
  [1m[36mTRANSACTION (0.1ms)[0m  [1m[36mcommit transaction[0m
  [1m[36mActiveRecord::SchemaMigration Load (0.0ms)[0m  [1m[34mSELECT "schema_migrations"."version" FROM "schema_migrations" ORDER BY "schema_migrations"."version" ASC[0m
Started GET "/" for ::1 at 2023-12-08 19:10:07 +0100
  [1m[36mActiveRecord::SchemaMigration Load (0.1ms)[0m  [1m[34mSELECT "schema_migrations"."version" FROM "schema_migrations" ORDER BY "schema_migrations"."version" ASC[0m
Processing by MainController#index as HTML
  Rendering layout layouts/application.html.erb
  Rendering main/index.html.erb within layouts/application
  Rendered main/index.html.erb within layouts/application (Duration: 3.2ms | Allocations: 2858)
  Rendered layout layouts/application.html.erb (Duration: 3.6ms | Allocations: 2989)
Completed 500 Internal Server Error in 25ms (ActiveRecord: 0.0ms | Allocations: 15526)


  
ActionView::Template::Error (undefined method `each' for nil:NilClass

'.freeze;   @articles.each do |article| 
                     ^^^^^):
    1: <h1>Articles</h1>
    2: 
    3: <ul>
    4:   <% @articles.each do |article| %>
    5:     <li>
    6:       <%= article.title %>
    7:     </li>
  
app/views/main/index.html.erb:4
  [1m[36mTRANSACTION (0.0ms)[0m  [1m[36mbegin transaction[0m
  [1m[36mBook Create (0.4ms)[0m  [1m[32mINSERT INTO "books" ("title", "author", "genre", "isbn", "availablecopies", "totalcopies", "created_at", "updated_at") VALUES (?, ?, ?, ?, ?, ?, ?, ?) RETURNING "id"[0m  [["title", "Harry Potter i Zakon Feniksa"], ["author", "J.K. Rowling"], ["genre", "fantasy"], ["isbn", "978-83-800-8219-9"], ["availablecopies", 0], ["totalcopies", 0], ["created_at", "2023-12-08 18:16:39.380617"], ["updated_at", "2023-12-08 18:16:39.380617"]]
  [1m[36mTRANSACTION (2.6ms)[0m  [1m[36mcommit transaction[0m
  [1m[36mBook Load (0.1ms)[0m  [1m[34mSELECT "books".* FROM "books" /* loading for pp */ LIMIT ?[0m  [["LIMIT", 11]]
Started GET "/" for ::1 at 2023-12-08 19:17:53 +0100
  [1m[36mActiveRecord::SchemaMigration Load (0.0ms)[0m  [1m[34mSELECT "schema_migrations"."version" FROM "schema_migrations" ORDER BY "schema_migrations"."version" ASC[0m
Processing by MainController#index as HTML
  Rendering layout layouts/application.html.erb
  Rendering main/index.html.erb within layouts/application
  [1m[36mBook Load (0.0ms)[0m  [1m[34mSELECT "books".* FROM "books"[0m
  ↳ app/views/main/index.html.erb:4
  Rendered main/index.html.erb within layouts/application (Duration: 31.7ms | Allocations: 15294)
  Rendered layout layouts/application.html.erb (Duration: 394.2ms | Allocations: 122092)
Completed 200 OK in 398ms (Views: 394.7ms | ActiveRecord: 1.0ms | Allocations: 123893)


Started GET "/" for 127.0.0.1 at 2023-12-09 15:34:54 +0100
  [1m[36mActiveRecord::SchemaMigration Load (0.4ms)[0m  [1m[34mSELECT "schema_migrations"."version" FROM "schema_migrations" ORDER BY "schema_migrations"."version" ASC[0m
Processing by MainController#index as HTML
  Rendering layout layouts/application.html.erb
  Rendering main/index.html.erb within layouts/application
  [1m[36mBook Load (0.1ms)[0m  [1m[34mSELECT "books".* FROM "books"[0m
  ↳ app/views/main/index.html.erb:4
  Rendered main/index.html.erb within layouts/application (Duration: 41.3ms | Allocations: 15408)
  Rendered layout layouts/application.html.erb (Duration: 118.0ms | Allocations: 52798)
Completed 200 OK in 160ms (Views: 123.8ms | ActiveRecord: 1.7ms | Allocations: 62808)


Started GET "/articles/new" for 127.0.0.1 at 2023-12-09 17:20:20 +0100
  
ActionController::RoutingError (No route matches [GET] "/articles/new"):
  
Started GET "/" for ::1 at 2023-12-09 23:41:17 +0100
  [1m[36mActiveRecord::SchemaMigration Load (0.1ms)[0m  [1m[34mSELECT "schema_migrations"."version" FROM "schema_migrations" ORDER BY "schema_migrations"."version" ASC[0m
  
ActiveRecord::PendingMigrationError (

Migrations are pending. To resolve this issue, run:

        bin/rails db:migrate

You have 2 pending migrations:

db/migrate/20231209222906_create_users.rb
db/migrate/20231209223114_create_reviews.rb


):
  
activerecord (7.1.2) lib/active_record/migration.rb:754:in `check_pending_migrations'
activerecord (7.1.2) lib/active_record/migration.rb:643:in `block (2 levels) in call'
activesupport (7.1.2) lib/active_support/file_update_checker.rb:85:in `execute'
activerecord (7.1.2) lib/active_record/migration.rb:648:in `block in call'
activerecord (7.1.2) lib/active_record/migration.rb:640:in `synchronize'
activerecord (7.1.2) lib/active_record/migration.rb:640:in `call'
actionpack (7.1.2) lib/action_dispatch/middleware/callbacks.rb:29:in `block in call'
activesupport (7.1.2) lib/active_support/callbacks.rb:101:in `run_callbacks'
actionpack (7.1.2) lib/action_dispatch/middleware/callbacks.rb:28:in `call'
actionpack (7.1.2) lib/action_dispatch/middleware/executor.rb:14:in `call'
actionpack (7.1.2) lib/action_dispatch/middleware/actionable_exceptions.rb:16:in `call'
actionpack (7.1.2) lib/action_dispatch/middleware/debug_exceptions.rb:29:in `call'
web-console (4.2.1) lib/web_console/middleware.rb:132:in `call_app'
web-console (4.2.1) lib/web_console/middleware.rb:28:in `block in call'
web-console (4.2.1) lib/web_console/middleware.rb:17:in `catch'
web-console (4.2.1) lib/web_console/middleware.rb:17:in `call'
actionpack (7.1.2) lib/action_dispatch/middleware/show_exceptions.rb:31:in `call'
railties (7.1.2) lib/rails/rack/logger.rb:37:in `call_app'
railties (7.1.2) lib/rails/rack/logger.rb:24:in `block in call'
activesupport (7.1.2) lib/active_support/tagged_logging.rb:135:in `block in tagged'
activesupport (7.1.2) lib/active_support/tagged_logging.rb:39:in `tagged'
activesupport (7.1.2) lib/active_support/tagged_logging.rb:135:in `tagged'
activesupport (7.1.2) lib/active_support/broadcast_logger.rb:240:in `method_missing'
railties (7.1.2) lib/rails/rack/logger.rb:24:in `call'
sprockets-rails (3.4.2) lib/sprockets/rails/quiet_assets.rb:13:in `call'
actionpack (7.1.2) lib/action_dispatch/middleware/remote_ip.rb:92:in `call'
actionpack (7.1.2) lib/action_dispatch/middleware/request_id.rb:28:in `call'
rack (3.0.8) lib/rack/method_override.rb:28:in `call'
rack (3.0.8) lib/rack/runtime.rb:24:in `call'
activesupport (7.1.2) lib/active_support/cache/strategy/local_cache_middleware.rb:29:in `call'
actionpack (7.1.2) lib/action_dispatch/middleware/server_timing.rb:59:in `block in call'
actionpack (7.1.2) lib/action_dispatch/middleware/server_timing.rb:24:in `collect_events'
actionpack (7.1.2) lib/action_dispatch/middleware/server_timing.rb:58:in `call'
actionpack (7.1.2) lib/action_dispatch/middleware/executor.rb:14:in `call'
actionpack (7.1.2) lib/action_dispatch/middleware/static.rb:25:in `call'
rack (3.0.8) lib/rack/sendfile.rb:114:in `call'
actionpack (7.1.2) lib/action_dispatch/middleware/host_authorization.rb:141:in `call'
railties (7.1.2) lib/rails/engine.rb:529:in `call'
puma (6.4.0) lib/puma/configuration.rb:272:in `call'
puma (6.4.0) lib/puma/request.rb:100:in `block in handle_request'
puma (6.4.0) lib/puma/thread_pool.rb:378:in `with_force_shutdown'
puma (6.4.0) lib/puma/request.rb:99:in `handle_request'
puma (6.4.0) lib/puma/server.rb:443:in `process_client'
puma (6.4.0) lib/puma/server.rb:241:in `block in run'
puma (6.4.0) lib/puma/thread_pool.rb:155:in `block in spawn_thread'
